<?xml version="1.0" encoding="UTF-8"?>
<!-- Generated by org.testng.reporters.JUnitReportReporter -->
<testsuite skipped="0" hostname="voliyarnyk1993" name="com.web.test.GoogleSearchTests" tests="1" failures="0" timestamp="20 трав. 2017 15:24:37 GMT" time="2.947" errors="0">
  <testcase name="test" time="2.947" classname="com.web.test.GoogleSearchTests"/>
</testsuite> <!-- com.web.test.GoogleSearchTests -->
